<?xml version="1.0" encoding="UTF-8"?>
<!-- Generated by org.testng.reporters.JUnitReportReporter -->
<testsuite skipped="0" hostname="DESKTOP-1SFHNGM" name="tests.HTTPTutorialPageTests" tests="2" failures="0" timestamp="2022-02-14T23:46:07 IST" time="20.568" errors="0">
  <testcase name="checkOverViewSectionTest" time="10.998" classname="tests.HTTPTutorialPageTests"/>
  <system-out/>
  <testcase name="verifyPageCanBeAccessedTest" time="9.570" classname="tests.HTTPTutorialPageTests"/>
  <system-out/>
</testsuite> <!-- tests.HTTPTutorialPageTests -->
