<?xml version="1.0" encoding="UTF-8"?>
<!-- Generated by org.testng.reporters.JUnitReportReporter -->
<testsuite skipped="0" hostname="DESKTOP-1SFHNGM" name="utils.ConsoleLogger" tests="1" failures="0" timestamp="2022-02-15T19:51:03 IST" time="0.011" errors="0">
  <testcase name="logMsg" time="0.011" classname="utils.ConsoleLogger"/>
  <system-out/>
</testsuite> <!-- utils.ConsoleLogger -->
